<?xml version="1.0" encoding="UTF-8"?>
<testsuite name="PlanetTest" tests="5" skipped="0" failures="0" errors="0" timestamp="2022-03-23T03:45:10" hostname="cs18244kq" time="0.002">
  <properties/>
  <testcase name="testCreatePlanet()" classname="PlanetTest" time="0.0"/>
  <testcase name="testCreateRockBelowBounds()" classname="PlanetTest" time="0.0"/>
  <testcase name="testCreateRockAboveBounds()" classname="PlanetTest" time="0.0"/>
  <testcase name="testCreateRockWithinLowerBounds()" classname="PlanetTest" time="0.0"/>
  <testcase name="testCreateRockWithinUpperBounds()" classname="PlanetTest" time="0.001"/>
  <system-out><![CDATA[]]></system-out>
  <system-err><![CDATA[]]></system-err>
</testsuite>
